


ARM Macro Assembler    Page 1 


    1 00000000         ; Print.s
    2 00000000         ; Student names: change this to your names or look very 
                       silly
    3 00000000         ; Last modification date: change this to the last modifi
                       cation date or look very silly
    4 00000000         ; Runs on TM4C123
    5 00000000         ; EE319K lab 7 device driver for any LCD
    6 00000000         ;
    7 00000000         ; As part of Lab 7, students need to implement these LCD
                       _OutDec and LCD_OutFix
    8 00000000         ; This driver assumes two low-level LCD functions
    9 00000000         ; ST7735_OutChar   outputs a single 8-bit ASCII characte
                       r
   10 00000000         ; ST7735_OutString outputs a null-terminated string 
   11 00000000         
   12 00000000                 IMPORT           ST7735_OutChar
   13 00000000                 IMPORT           ST7735_OutString
   14 00000000                 EXPORT           LCD_OutDec
   15 00000000                 EXPORT           LCD_OutFix
   16 00000000         
   17 00000000                 AREA             |.text|, CODE, READONLY, ALIGN=
2
   18 00000000                 THUMB
   19 00000000         
   20 00000000        B 
                       FP      RN               11
   21 00000000 00000000 
                       COUNT   EQU              0
   22 00000000 00000004 
                       NUM     EQU              4
   23 00000000         
   24 00000000         ;-----------------------LCD_OutDec----------------------
                       -
   25 00000000         ; Output a 32-bit number in unsigned decimal format
   26 00000000         ; Input: R0 (call by value) 32-bit unsigned number
   27 00000000         ; Output: none
   28 00000000         ; Invariables: This function must not permanently modify
                        registers R4 to R11
   29 00000000         ; R0=0,    then output "0"
   30 00000000         ; R0=3,    then output "3"
   31 00000000         ; R0=89,   then output "89"
   32 00000000         ; R0=123,  then output "123"
   33 00000000         ; R0=9999, then output "9999"
   34 00000000         ; R0=4294967295, then output "4294967295"
   35 00000000         LCD_OutDec
   36 00000000 E92D 4BF0       PUSH             {R4-R9, R11, LR}
   37 00000004 B082            SUB              SP, #8      ;Allocating
   38 00000006 46EB            MOV              FP, SP
   39 00000008 2800            CMP              R0, #0
   40 0000000A D02E            BEQ              Zero
   41 0000000C F8CB 0004       STR              R0,[FP, #NUM]
   42 00000010 F04F 0400       MOV              R4, #0
   43 00000014 F8CB 4000       STR              R4,[FP, #COUNT]
   44 00000018 F04F 050A       MOV              R5, #10
   45 0000001C         LOOP
   46 0000001C F8DB 4004       LDR              R4, [FP, #NUM] ;R4 holds NUM
   47 00000020 2C00            CMP              R4, #0
   48 00000022 D010            BEQ              NEXT
   49 00000024 FBB4 F6F5       UDIV             R6, R4, R5  ;R6 is the quotient



ARM Macro Assembler    Page 2 


                                                            
   50 00000028 FB06 F705       MUL              R7, R6, R5  ;R7 (10*Q) which is
                                                             used to find the r
                                                            emainder
   51 0000002C EBA4 0807       SUB              R8, R4, R7  ;R8 is the remainde
                                                            r
   52 00000030 F84D 8D04       PUSH             {R8}
   53 00000034 F8CB 6004       STR              R6, [FP, #NUM]
   54 00000038 F8DB 6000       LDR              R6, [FP, #COUNT]
   55 0000003C F106 0601       ADD              R6, #1
   56 00000040 F8CB 6000       STR              R6, [FP, #COUNT]
   57 00000044 E7EA            B                LOOP
   58 00000046         NEXT
   59 00000046 F8DB 4000       LDR              R4, [FP, #COUNT]
   60 0000004A 2C00            CMP              R4, #0
   61 0000004C D009            BEQ              DONE
   62 0000004E BC01            POP              {R0}
   63 00000050 F100 0030       ADD              R0, #0x30   ;Changes NUM to ASC
                                                            II
   64 00000054 F7FF FFFE       BL               ST7735_OutChar
   65 00000058 F1A4 0401       SUB              R4, #1
   66 0000005C F8CB 4000       STR              R4, [FP, #COUNT]
   67 00000060 E7F1            B                NEXT
   68 00000062         DONE
   69 00000062 B002            ADD              SP, #8
   70 00000064 E8BD 4BF0       POP              {R4-R9, R11, LR}
   71 00000068 4770            BX               LR
   72 0000006A         
   73 0000006A         Zero
   74 0000006A F04F 0030       MOV              R0, #0x30
   75 0000006E F7FF FFFE       BL               ST7735_OutChar
   76 00000072 E7F6            B                DONE
   77 00000074         
   78 00000074         ;* * * * * * * * End of LCD_OutDec * * * * * * * *
   79 00000074         
   80 00000074         ; -----------------------LCD _OutFix--------------------
                       --
   81 00000074         ; Output characters to LCD display in fixed-point format
                       
   82 00000074         ; unsigned decimal, resolution 0.001, range 0.000 to 9.9
                       99
   83 00000074         ; Inputs:  R0 is an unsigned 32-bit number
   84 00000074         ; Outputs: none
   85 00000074         ; E.g., R0=0,    then output "0.000"
   86 00000074         ;       R0=3,    then output "0.003"
   87 00000074         ;       R0=89,   then output "0.089"
   88 00000074         ;       R0=123,  then output "0.123"
   89 00000074         ;       R0=9999, then output "9.999"
   90 00000074         ;       R0>9999, then output "*.***"
   91 00000074         ; Invariables: This function must not permanently modify
                        registers R4 to R11
   92 00000074         LCD_OutFix
   93 00000074 E92D 4BF0       PUSH             {R4-R9, R11, LR}
   94 00000078 B082            SUB              SP, #8      ;Allocating
   95 0000007A 46EB            MOV              FP, SP
   96 0000007C 2800            CMP              R0, #0
   97 0000007E D074            BEQ              Zero1
   98 00000080 F8CB 0004       STR              R0,[FP, #NUM]
   99 00000084 F04F 0400       MOV              R4, #0



ARM Macro Assembler    Page 3 


  100 00000088 F8CB 4000       STR              R4,[FP, #COUNT]
  101 0000008C F04F 050A       MOV              R5, #10
  102 00000090         LOOP1
  103 00000090 F8DB 4004       LDR              R4, [FP, #NUM] ;R4 holds NUM
  104 00000094 2C00            CMP              R4, #0
  105 00000096 D010            BEQ              LOOP2
  106 00000098 FBB4 F6F5       UDIV             R6, R4, R5  ;R6 is the quotient
                                                            
  107 0000009C FB06 F705       MUL              R7, R6, R5  ;R7 (10*Q) which is
                                                             used to find the r
                                                            emainder
  108 000000A0 EBA4 0807       SUB              R8, R4, R7  ;R8 is the remainde
                                                            r
  109 000000A4 F84D 8D04       PUSH             {R8}
  110 000000A8 F8CB 6004       STR              R6, [FP, #NUM]
  111 000000AC F8DB 6000       LDR              R6, [FP, #COUNT]
  112 000000B0 F106 0601       ADD              R6, #1
  113 000000B4 F8CB 6000       STR              R6, [FP, #COUNT]
  114 000000B8 E7EA            B                LOOP1
  115 000000BA         LOOP2
  116 000000BA F8DB 4000       LDR              R4, [FP, #COUNT]
  117 000000BE F04F 0901       MOV              R9, #1      ;Decimal counter
  118 000000C2 F04F 0605       MOV              R6, #5      ; Total Char counte
                                                            r
  119 000000C6 F04F 0504       MOV              R5, #4      ; Zero counter
  120 000000CA 42A6            CMP              R6, R4
  121 000000CC D927            BLS              Large5
  122 000000CE EBA5 0504       SUB              R5, R4
  123 000000D2 2D00            CMP              R5, #0
  124 000000D4 D00C            BEQ              DIG4
  125 000000D6         LOOP3
  126 000000D6 F1B9 0F00       CMP              R9, #0
  127 000000DA D038            BEQ              PERIOD
  128 000000DC F04F 0030       MOV              R0, #0x30
  129 000000E0 F7FF FFFE       BL               ST7735_OutChar
  130 000000E4 F1A9 0901       SUB              R9, #1
  131 000000E8 F1A5 0501       SUB              R5, #1
  132 000000EC 2D00            CMP              R5, #0
  133 000000EE D1F2            BNE              LOOP3
  134 000000F0         DIG4
  135 000000F0 F8DB 4000       LDR              R4, [FP, #COUNT]
  136 000000F4 F1B9 0F00       CMP              R9, #0
  137 000000F8 D030            BEQ              PERIOD2
  138 000000FA 2C00            CMP              R4, #0
  139 000000FC D00B            BEQ              DONE1
  140 000000FE BC01            POP              {R0}
  141 00000100 F100 0030       ADD              R0, #0x30   ;Changes NUM to ASC
                                                            II
  142 00000104 F7FF FFFE       BL               ST7735_OutChar
  143 00000108 F1A9 0901       SUB              R9, #1
  144 0000010C F1A4 0401       SUB              R4, #1
  145 00000110 F8CB 4000       STR              R4, [FP, #COUNT]
  146 00000114 E7EC            B                DIG4
  147 00000116         DONE1
  148 00000116 B002            ADD              SP, #8
  149 00000118 E8BD 4BF0       POP              {R4-R9, R11, LR}
  150 0000011C 4770            BX               LR
  151 0000011E         
  152 0000011E         Large5



ARM Macro Assembler    Page 4 


  153 0000011E BC01            POP              {R0}
  154 00000120 3C01            SUBS             R4, #1
  155 00000122 D1FC            BNE              Large5
  156 00000124 F04F 002A       MOV              R0, #0x2A
  157 00000128 F7FF FFFE       BL               ST7735_OutChar
  158 0000012C F04F 002E       MOV              R0, #0x2E
  159 00000130 F7FF FFFE       BL               ST7735_OutChar
  160 00000134 F04F 002A       MOV              R0, #0x2A
  161 00000138 F7FF FFFE       BL               ST7735_OutChar
  162 0000013C F04F 002A       MOV              R0, #0x2A
  163 00000140 F7FF FFFE       BL               ST7735_OutChar
  164 00000144 F04F 002A       MOV              R0, #0x2A
  165 00000148 F7FF FFFE       BL               ST7735_OutChar
  166 0000014C E7E3            B                DONE1
  167 0000014E         
  168 0000014E         PERIOD
  169 0000014E F04F 002E       MOV              R0, #0x2E
  170 00000152 F7FF FFFE       BL               ST7735_OutChar
  171 00000156 F1A9 0901       SUB              R9, #1
  172 0000015A E7BC            B                LOOP3
  173 0000015C         PERIOD2
  174 0000015C F04F 002E       MOV              R0, #0x2E
  175 00000160 F7FF FFFE       BL               ST7735_OutChar
  176 00000164 F1A9 0901       SUB              R9, #1
  177 00000168 E7C2            B                DIG4
  178 0000016A         Zero1
  179 0000016A F04F 0030       MOV              R0, #0x30
  180 0000016E F7FF FFFE       BL               ST7735_OutChar
  181 00000172 F04F 002E       MOV              R0, #0x2E
  182 00000176 F7FF FFFE       BL               ST7735_OutChar
  183 0000017A F04F 0030       MOV              R0, #0x30
  184 0000017E F7FF FFFE       BL               ST7735_OutChar
  185 00000182 F04F 0030       MOV              R0, #0x30
  186 00000186 F7FF FFFE       BL               ST7735_OutChar
  187 0000018A F04F 0030       MOV              R0, #0x30
  188 0000018E F7FF FFFE       BL               ST7735_OutChar
  189 00000192 E7C0            B                DONE1
  190 00000194         
  191 00000194                 ALIGN
  192 00000194         ;* * * * * * * * End of LCD_OutFix * * * * * * * *
  193 00000194         
  194 00000194                 ALIGN                        ; make sure the end
                                                             of this section is
                                                             aligned
  195 00000194                 END                          ; end of file
Command Line: --debug --xref --diag_suppress=9931 --cpu=Cortex-M4 --apcs=interw
ork --depend=.\print.d -o.\print.o -I.\RTE\_Cuphead -IC:\Users\bhuiy\AppData\Lo
cal\Arm\Packs\ARM\CMSIS\5.8.0\CMSIS\Core\Include -IC:\Users\bhuiy\AppData\Local
\Arm\Packs\Keil\TM4C_DFP\1.1.0\Device\Include\TM4C123 --predefine="__UVISION_VE
RSION SETA 536" --predefine="_RTE_ SETA 1" --predefine="TM4C123GH6PM SETA 1" --
predefine="_RTE_ SETA 1" --list=.\print.lst Print.s



ARM Macro Assembler    Page 1 Alphabetic symbol ordering
Relocatable symbols

.text 00000000

Symbol: .text
   Definitions
      At line 17 in file Print.s
   Uses
      None
Comment: .text unused
DIG4 000000F0

Symbol: DIG4
   Definitions
      At line 134 in file Print.s
   Uses
      At line 124 in file Print.s
      At line 146 in file Print.s
      At line 177 in file Print.s

DONE 00000062

Symbol: DONE
   Definitions
      At line 68 in file Print.s
   Uses
      At line 61 in file Print.s
      At line 76 in file Print.s

DONE1 00000116

Symbol: DONE1
   Definitions
      At line 147 in file Print.s
   Uses
      At line 139 in file Print.s
      At line 166 in file Print.s
      At line 189 in file Print.s

LCD_OutDec 00000000

Symbol: LCD_OutDec
   Definitions
      At line 35 in file Print.s
   Uses
      At line 14 in file Print.s
Comment: LCD_OutDec used once
LCD_OutFix 00000074

Symbol: LCD_OutFix
   Definitions
      At line 92 in file Print.s
   Uses
      At line 15 in file Print.s
Comment: LCD_OutFix used once
LOOP 0000001C

Symbol: LOOP
   Definitions
      At line 45 in file Print.s
   Uses



ARM Macro Assembler    Page 2 Alphabetic symbol ordering
Relocatable symbols

      At line 57 in file Print.s
Comment: LOOP used once
LOOP1 00000090

Symbol: LOOP1
   Definitions
      At line 102 in file Print.s
   Uses
      At line 114 in file Print.s
Comment: LOOP1 used once
LOOP2 000000BA

Symbol: LOOP2
   Definitions
      At line 115 in file Print.s
   Uses
      At line 105 in file Print.s
Comment: LOOP2 used once
LOOP3 000000D6

Symbol: LOOP3
   Definitions
      At line 125 in file Print.s
   Uses
      At line 133 in file Print.s
      At line 172 in file Print.s

Large5 0000011E

Symbol: Large5
   Definitions
      At line 152 in file Print.s
   Uses
      At line 121 in file Print.s
      At line 155 in file Print.s

NEXT 00000046

Symbol: NEXT
   Definitions
      At line 58 in file Print.s
   Uses
      At line 48 in file Print.s
      At line 67 in file Print.s

PERIOD 0000014E

Symbol: PERIOD
   Definitions
      At line 168 in file Print.s
   Uses
      At line 127 in file Print.s
Comment: PERIOD used once
PERIOD2 0000015C

Symbol: PERIOD2
   Definitions
      At line 173 in file Print.s
   Uses



ARM Macro Assembler    Page 3 Alphabetic symbol ordering
Relocatable symbols

      At line 137 in file Print.s
Comment: PERIOD2 used once
Zero 0000006A

Symbol: Zero
   Definitions
      At line 73 in file Print.s
   Uses
      At line 40 in file Print.s
Comment: Zero used once
Zero1 0000016A

Symbol: Zero1
   Definitions
      At line 178 in file Print.s
   Uses
      At line 97 in file Print.s
Comment: Zero1 used once
16 symbols



ARM Macro Assembler    Page 1 Alphabetic symbol ordering
Absolute symbols

COUNT 00000000

Symbol: COUNT
   Definitions
      At line 21 in file Print.s
   Uses
      At line 43 in file Print.s
      At line 54 in file Print.s
      At line 56 in file Print.s
      At line 59 in file Print.s
      At line 66 in file Print.s
      At line 100 in file Print.s
      At line 111 in file Print.s
      At line 113 in file Print.s
      At line 116 in file Print.s
      At line 135 in file Print.s
      At line 145 in file Print.s

NUM 00000004

Symbol: NUM
   Definitions
      At line 22 in file Print.s
   Uses
      At line 41 in file Print.s
      At line 46 in file Print.s
      At line 53 in file Print.s
      At line 98 in file Print.s
      At line 103 in file Print.s
      At line 110 in file Print.s

2 symbols



ARM Macro Assembler    Page 1 Alphabetic symbol ordering
External symbols

ST7735_OutChar 00000000

Symbol: ST7735_OutChar
   Definitions
      At line 12 in file Print.s
   Uses
      At line 64 in file Print.s
      At line 75 in file Print.s
      At line 129 in file Print.s
      At line 142 in file Print.s
      At line 157 in file Print.s
      At line 159 in file Print.s
      At line 161 in file Print.s
      At line 163 in file Print.s
      At line 165 in file Print.s
      At line 170 in file Print.s
      At line 175 in file Print.s
      At line 180 in file Print.s
      At line 182 in file Print.s
      At line 184 in file Print.s
      At line 186 in file Print.s
      At line 188 in file Print.s

ST7735_OutString 00000000

Symbol: ST7735_OutString
   Definitions
      At line 13 in file Print.s
   Uses
      None
Comment: ST7735_OutString unused
2 symbols
353 symbols in table
